09/06/11 02:39:21 PM - Building message catalogs...
09/06/11 02:39:21 PM - Building Windows install...  
09/06/11 02:39:21 PM - Building main.tcl...
09/06/11 02:39:21 PM - Refreshing file groups...
09/06/11 02:39:21 PM - Getting file list...
09/06/11 02:39:21 PM - Building file manifest...
09/06/11 02:39:21 PM - Saving install information...
09/06/11 02:39:23 PM - Building install...
09/06/11 02:39:23 PM - Building install executable...
09/06/11 02:39:43 PM - Windows build completed in 00m22s.
09/06/11 02:39:43 PM - Installer size is 2.09 MB.
09/06/11 02:39:43 PM - Build completed in 00m22s.
09/06/11 02:48:08 PM - Building message catalogs...
09/06/11 02:48:08 PM - Building Windows install...  
09/06/11 02:48:08 PM - Building main.tcl...
09/06/11 02:48:08 PM - Refreshing file groups...
09/06/11 02:48:09 PM - Getting file list...
09/06/11 02:48:09 PM - Building file manifest...
09/06/11 02:48:09 PM - Saving install information...
09/06/11 02:48:10 PM - Building install...
09/06/11 02:48:11 PM - Building install executable...
09/06/11 02:48:32 PM - Windows build completed in 00m24s.
09/06/11 02:48:32 PM - Installer size is 2.09 MB.
09/06/11 02:48:32 PM - Build completed in 00m24s.
